00000000 APDU: 00 A4 04 00 0C A0 00 00 01 64 4C 41 53 45 52 00 01 00 
00042597 SW: 90 00 
00005540 APDU: 80 A4 08 00 06 3F 00 30 00 EE EE 
00009536 SW: 90 00 
00000094 APDU: 00 B0 00 00 00 
00023266 SW: 02 C0 07 00 00 0A 00 0F 00 01 02 C2 0A 00 04 10 00 00 00 00 00 00 00 02 C3 0A 00 04 10 00 00 00 00 00 00 00 02 C1 01 00 02 C5 04 00 00 00 00 02 C6 04 00 00 00 00 02 C8 01 00 02 C9 01 33 02 CA 04 00 03 46 DC 02 CB 01 01 02 CC 01 00 02 CD 01 00 02 CF 01 00 02 D1 02 FF FF 02 D2 02 FF FF 02 D3 3F 00 00 00 00 00 00 00 00 00 00 00 00 00 00 00 00 00 00 00 00 00 00 00 00 00 00 00 00 00 00 00 00 00 00 00 00 00 00 00 00 00 00 00 00 00 00 00 00 00 00 00 00 00 00 00 00 00 00 00 00 00 00 00 02 D5 01 00 02 D6 01 01 02 D7 01 00 90 00 
00000133 APDU: 80 A4 08 00 06 3F 00 30 00 C0 00 
00008925 SW: 90 00 
00000083 APDU: 00 B0 00 00 00 
00022220 SW: 49 44 50 72 6F 74 65 63 74 20 20 20 20 20 20 20 20 20 20 20 20 20 20 20 20 20 20 20 20 20 20 20 41 74 68 65 6E 61 20 53 6D 61 72 74 63 61 72 64 20 53 6F 6C 75 74 69 6F 6E 73 20 20 20 20 20 20 49 44 50 72 6F 74 65 63 74 20 20 20 20 20 20 20 30 44 35 30 30 30 30 39 32 31 32 32 38 37 39 36 0D 04 00 00 00 00 00 00 00 00 00 00 00 00 00 00 00 00 00 00 10 00 00 00 04 00 00 00 FF FF FF FF 00 00 00 00 FF FF FF FF 00 00 00 00 01 00 01 00 00 00 00 00 00 00 00 00 00 00 00 00 00 00 00 00 00 90 00 
00000105 APDU: 80 A4 08 00 06 3F 00 30 00 30 04 
00011116 SW: 6A 82 
00000129 APDU: 80 A4 08 00 08 3F 00 30 00 30 01 D0 7E 
00012874 SW: 6A 82 
00000128 APDU: 80 A4 08 00 08 3F 00 30 00 30 03 40 00 
00010637 SW: 90 00 
00000081 APDU: 00 B0 00 02 64 
00009006 SW: 41 54 48 45 4E 41 53 4E C0 AD AA 78 FC 88 42 0D 90 00 
00008312 APDU: 80 A4 08 0C 04 3F 00 00 20 00 
00015452 SW: 62 2F 87 01 08 83 02 00 20 80 02 00 10 8A 01 04 86 0E 00 FF C0 30 00 FF 00 10 00 FF 00 10 00 00 85 0F 00 01 00 00 9A 00 04 10 00 00 00 00 00 FF FF 90 00 
00006260 APDU: 80 A4 08 00 04 3F 00 00 20 
00008094 SW: 90 00 
00000094 APDU: 00 84 00 00 08 
00008449 SW: 8B A2 79 0F C9 DD E8 F6 90 00 
00000305 APDU: 80 20 00 00 10 4A 33 47 76 88 12 D6 AC AD 2B 2E 43 EF D7 7B 48 
00023908 SW: 90 00 
00000116 APDU: 80 A4 08 00 08 3F 00 30 00 30 03 40 01 
00009953 SW: 90 00 
00000091 APDU: 00 B0 00 03 01 
00007640 SW: 04 90 00 
00000119 APDU: 80 A4 08 00 08 3F 00 30 00 30 02 D0 7E 
00013494 SW: 6A 82 
00000172 APDU: 80 A4 08 00 08 3F 00 30 00 30 01 D0 7E 
00012923 SW: 6A 82 
00000132 APDU: 80 A4 08 00 06 3F 00 30 00 EE EF 
00008868 SW: 90 00 
00000091 APDU: 00 B0 00 00 00 
00008920 SW: 02 C4 01 00 02 C7 08 32 30 31 36 31 30 30 35 90 00 
00000099 APDU: 80 28 00 00 04 00 00 00 20 
00007593 SW: 90 00 
