00000000 APDU: 00 A4 04 00 0C A0 00 00 01 64 4C 41 53 45 52 00 01 00 
00042714 SW: 90 00 
00001779 APDU: 80 A4 08 00 06 3F 00 30 00 EE EE 
00009393 SW: 90 00 
00000061 APDU: 00 B0 00 00 00 
00023324 SW: 02 C0 07 00 00 0A 00 0F 00 01 02 C2 0A 00 04 10 00 00 00 00 00 00 00 02 C3 0A 00 04 10 00 00 00 00 00 00 00 02 C1 01 00 02 C5 04 00 00 00 00 02 C6 04 00 00 00 00 02 C8 01 00 02 C9 01 33 02 CA 04 00 03 46 DC 02 CB 01 01 02 CC 01 00 02 CD 01 00 02 CF 01 00 02 D1 02 FF FF 02 D2 02 FF FF 02 D3 3F 00 00 00 00 00 00 00 00 00 00 00 00 00 00 00 00 00 00 00 00 00 00 00 00 00 00 00 00 00 00 00 00 00 00 00 00 00 00 00 00 00 00 00 00 00 00 00 00 00 00 00 00 00 00 00 00 00 00 00 00 00 00 00 02 D5 01 00 02 D6 01 01 02 D7 01 00 90 00 
00000088 APDU: 80 A4 08 00 06 3F 00 30 00 C0 00 
00008922 SW: 90 00 
00000075 APDU: 00 B0 00 00 00 
00022288 SW: 49 44 50 72 6F 74 65 63 74 20 20 20 20 20 20 20 20 20 20 20 20 20 20 20 20 20 20 20 20 20 20 20 41 74 68 65 6E 61 20 53 6D 61 72 74 63 61 72 64 20 53 6F 6C 75 74 69 6F 6E 73 20 20 20 20 20 20 49 44 50 72 6F 74 65 63 74 20 20 20 20 20 20 20 30 44 35 30 30 30 30 39 32 31 32 32 38 37 39 36 0D 04 00 00 00 00 00 00 00 00 00 00 00 00 00 00 00 00 00 00 10 00 00 00 04 00 00 00 FF FF FF FF 00 00 00 00 FF FF FF FF 00 00 00 00 01 00 01 00 00 00 00 00 00 00 00 00 00 00 00 00 00 00 00 00 00 90 00 
00000088 APDU: 80 A4 08 00 06 3F 00 30 00 30 04 
00011098 SW: 6A 82 
00000136 APDU: 80 A4 08 00 08 3F 00 30 00 30 01 D0 7E 
00012863 SW: 6A 82 
00000120 APDU: 80 A4 08 00 08 3F 00 30 00 30 03 40 00 
00010694 SW: 90 00 
00000089 APDU: 00 B0 00 02 64 
00008957 SW: 41 54 48 45 4E 41 53 4E C0 AD AA 78 FC 88 42 0D 90 00 
00009335 APDU: 80 A4 08 0C 04 3F 00 00 20 00 
00015383 SW: 62 2F 87 01 08 83 02 00 20 80 02 00 10 8A 01 04 86 0E 00 FF C0 30 00 FF 00 10 00 FF 00 10 00 00 85 0F 00 01 00 00 AA 00 04 10 00 00 00 00 00 FF FF 90 00 
00007304 APDU: 80 A4 08 00 04 3F 00 00 20 
00008169 SW: 90 00 
00000090 APDU: 00 84 00 00 08 
00008423 SW: 29 C7 29 1F ED 13 23 7B 90 00 
00000275 APDU: 80 20 00 00 10 AE 69 B8 4B 7D BE BB 2B 63 63 D3 7D 07 9D D3 EC 
00023930 SW: 90 00 
00000112 APDU: 80 A4 08 00 08 3F 00 30 00 30 03 40 01 
00009964 SW: 90 00 
00000116 APDU: 00 B0 00 03 01 
00007646 SW: 04 90 00 
00000109 APDU: 80 A4 08 00 08 3F 00 30 00 30 02 D0 7E 
00013468 SW: 6A 82 
00000145 APDU: 80 A4 08 00 08 3F 00 30 00 30 01 D0 7E 
00012909 SW: 6A 82 
00000135 APDU: 80 A4 08 00 06 3F 00 30 00 EE EF 
00008835 SW: 90 00 
00000102 APDU: 00 B0 00 00 00 
00008886 SW: 02 C4 01 00 02 C7 08 32 30 31 36 31 30 30 35 90 00 
00000096 APDU: 80 28 00 00 04 00 00 00 20 
00007682 SW: 90 00 
