00000000 APDU: 00 A4 04 00 0C A0 00 00 01 64 4C 41 53 45 52 00 01 00 
00043149 SW: 90 00 
00010029 APDU: 80 A4 08 00 06 3F 00 30 00 EE EE 
00009578 SW: 90 00 
00000059 APDU: 00 B0 00 00 00 
00023409 SW: 02 C0 07 00 00 0A 00 0F 00 01 02 C2 0A 00 04 10 00 00 00 00 00 00 00 02 C3 0A 00 04 10 00 00 00 00 00 00 00 02 C1 01 00 02 C5 04 00 00 00 00 02 C6 04 00 00 00 00 02 C8 01 00 02 C9 01 33 02 CA 04 00 03 46 DC 02 CB 01 01 02 CC 01 00 02 CD 01 00 02 CF 01 00 02 D1 02 FF FF 02 D2 02 FF FF 02 D3 3F 00 00 00 00 00 00 00 00 00 00 00 00 00 00 00 00 00 00 00 00 00 00 00 00 00 00 00 00 00 00 00 00 00 00 00 00 00 00 00 00 00 00 00 00 00 00 00 00 00 00 00 00 00 00 00 00 00 00 00 00 00 00 00 02 D5 01 00 02 D6 01 01 02 D7 01 00 90 00 
00000078 APDU: 80 A4 08 00 06 3F 00 30 00 C0 00 
00008952 SW: 90 00 
00000053 APDU: 00 B0 00 00 00 
00022243 SW: 49 44 50 72 6F 74 65 63 74 20 20 20 20 20 20 20 20 20 20 20 20 20 20 20 20 20 20 20 20 20 20 20 41 74 68 65 6E 61 20 53 6D 61 72 74 63 61 72 64 20 53 6F 6C 75 74 69 6F 6E 73 20 20 20 20 20 20 49 44 50 72 6F 74 65 63 74 20 20 20 20 20 20 20 30 44 35 30 30 30 30 39 32 31 32 32 38 37 39 36 0D 04 00 00 00 00 00 00 00 00 00 00 00 00 00 00 00 00 00 00 10 00 00 00 04 00 00 00 FF FF FF FF 00 00 00 00 FF FF FF FF 00 00 00 00 01 00 01 00 00 00 00 00 00 00 00 00 00 00 00 00 00 00 00 00 00 90 00 
00000078 APDU: 80 A4 08 00 06 3F 00 30 00 30 04 
00011150 SW: 6A 82 
00000101 APDU: 80 A4 08 00 08 3F 00 30 00 30 01 D0 7E 
00012890 SW: 6A 82 
00000127 APDU: 80 A4 08 00 08 3F 00 30 00 30 03 40 00 
00010734 SW: 90 00 
00000043 APDU: 00 B0 00 02 64 
00009004 SW: 41 54 48 45 4E 41 53 4E C0 AD AA 78 FC 88 42 0D 90 00 
08256336 APDU: 00 A4 04 00 0C A0 00 00 01 64 4C 41 53 45 52 00 01 00 
00043317 SW: 90 00 
00008630 APDU: 80 A4 08 00 06 3F 00 30 00 EE EE 
00009564 SW: 90 00 
00000055 APDU: 00 B0 00 00 00 
00023379 SW: 02 C0 07 00 00 0A 00 0F 00 01 02 C2 0A 00 04 10 00 00 00 00 00 00 00 02 C3 0A 00 04 10 00 00 00 00 00 00 00 02 C1 01 00 02 C5 04 00 00 00 00 02 C6 04 00 00 00 00 02 C8 01 00 02 C9 01 33 02 CA 04 00 03 46 DC 02 CB 01 01 02 CC 01 00 02 CD 01 00 02 CF 01 00 02 D1 02 FF FF 02 D2 02 FF FF 02 D3 3F 00 00 00 00 00 00 00 00 00 00 00 00 00 00 00 00 00 00 00 00 00 00 00 00 00 00 00 00 00 00 00 00 00 00 00 00 00 00 00 00 00 00 00 00 00 00 00 00 00 00 00 00 00 00 00 00 00 00 00 00 00 00 00 02 D5 01 00 02 D6 01 01 02 D7 01 00 90 00 
00000067 APDU: 80 A4 08 00 06 3F 00 30 00 C0 00 
00008939 SW: 90 00 
00000057 APDU: 00 B0 00 00 00 
00022250 SW: 49 44 50 72 6F 74 65 63 74 20 20 20 20 20 20 20 20 20 20 20 20 20 20 20 20 20 20 20 20 20 20 20 41 74 68 65 6E 61 20 53 6D 61 72 74 63 61 72 64 20 53 6F 6C 75 74 69 6F 6E 73 20 20 20 20 20 20 49 44 50 72 6F 74 65 63 74 20 20 20 20 20 20 20 30 44 35 30 30 30 30 39 32 31 32 32 38 37 39 36 0D 04 00 00 00 00 00 00 00 00 00 00 00 00 00 00 00 00 00 00 10 00 00 00 04 00 00 00 FF FF FF FF 00 00 00 00 FF FF FF FF 00 00 00 00 01 00 01 00 00 00 00 00 00 00 00 00 00 00 00 00 00 00 00 00 00 90 00 
00000075 APDU: 80 A4 08 00 06 3F 00 30 00 30 04 
00011142 SW: 6A 82 
00000083 APDU: 80 A4 08 00 08 3F 00 30 00 30 01 D0 7E 
00012912 SW: 6A 82 
00000080 APDU: 80 A4 08 00 08 3F 00 30 00 30 03 40 00 
00010633 SW: 90 00 
00000049 APDU: 00 B0 00 02 64 
00008983 SW: 41 54 48 45 4E 41 53 4E C0 AD AA 78 FC 88 42 0D 90 00 
00012750 APDU: 80 A4 08 0C 04 3F 00 00 20 00 
00015529 SW: 62 2F 87 01 08 83 02 00 20 80 02 00 10 8A 01 04 86 0E 00 FF C0 30 00 FF 00 10 00 FF 00 10 00 00 85 0F 00 01 00 00 AA 00 04 10 00 00 00 00 00 FF FF 90 00 
00005099 APDU: 80 A4 08 00 04 3F 00 00 20 
00008131 SW: 90 00 
00000080 APDU: 00 84 00 00 08 
00008383 SW: 43 B4 E6 5E 10 44 39 B6 90 00 
00000270 APDU: 80 20 00 00 10 FB 1D 43 09 4A C6 32 D6 75 57 48 A9 43 B3 86 0A 
00024000 SW: 90 00 
00000062 APDU: 80 A4 08 00 08 3F 00 30 00 30 03 40 01 
00010020 SW: 90 00 
00000045 APDU: 00 B0 00 03 01 
00007649 SW: 11 90 00 
00000067 APDU: 80 A4 08 00 08 3F 00 30 00 30 02 D0 7E 
00013444 SW: 6A 82 
00000109 APDU: 80 A4 08 00 08 3F 00 30 00 30 01 D0 7E 
00013009 SW: 6A 82 
00000072 APDU: 80 A4 08 00 06 3F 00 30 00 EE EF 
00008849 SW: 90 00 
00000048 APDU: 00 B0 00 00 00 
00008864 SW: 02 C4 01 00 02 C7 08 32 30 31 36 31 32 32 39 90 00 
00000058 APDU: 80 28 00 00 04 00 00 00 20 
00007697 SW: 90 00 
