This is pdfTeX, Version 3.14159265-2.6-1.40.16 (TeX Live 2015/Debian) (preloaded format=pdflatex 2016.11.14)  16 MAR 2017 02:25
entering extended mode
 restricted \write18 enabled.
 %&-line parsing enabled.
**honours_project_report.tex
(./honours_project_report.tex
LaTeX2e <2015/01/01>
Babel <3.9l> and hyphenation patterns for 79 languages loaded.
(./infthesis.cls
Document Class: infthesis 2011/02/02 v3.5 School of Informatics Thesis Class
(/usr/share/texlive/texmf-dist/tex/latex/geometry/geometry.sty
Package: geometry 2010/09/12 v5.6 Page Geometry

(/usr/share/texlive/texmf-dist/tex/latex/graphics/keyval.sty
Package: keyval 2014/10/28 v1.15 key=value parser (DPC)
\KV@toks@=\toks14
)
(/usr/share/texlive/texmf-dist/tex/generic/oberdiek/ifpdf.sty
Package: ifpdf 2011/01/30 v2.3 Provides the ifpdf switch (HO)
Package ifpdf Info: pdfTeX in PDF mode is detected.
)
(/usr/share/texlive/texmf-dist/tex/generic/oberdiek/ifvtex.sty
Package: ifvtex 2010/03/01 v1.5 Detect VTeX and its facilities (HO)
Package ifvtex Info: VTeX not detected.
)
(/usr/share/texlive/texmf-dist/tex/generic/ifxetex/ifxetex.sty
Package: ifxetex 2010/09/12 v0.6 Provides ifxetex conditional
)
\Gm@cnth=\count79
\Gm@cntv=\count80
\c@Gm@tempcnt=\count81
\Gm@bindingoffset=\dimen102
\Gm@wd@mp=\dimen103
\Gm@odd@mp=\dimen104
\Gm@even@mp=\dimen105
\Gm@layoutwidth=\dimen106
\Gm@layoutheight=\dimen107
\Gm@layouthoffset=\dimen108
\Gm@layoutvoffset=\dimen109
\Gm@dimlist=\toks15
)
(/usr/share/texlive/texmf-dist/tex/latex/base/ifthen.sty
Package: ifthen 2014/09/29 v1.1c Standard LaTeX ifthen package (DPC)
)
(/usr/share/texlive/texmf-dist/tex/latex/graphics/graphics.sty
Package: graphics 2014/10/28 v1.0p Standard LaTeX Graphics (DPC,SPQR)

(/usr/share/texlive/texmf-dist/tex/latex/graphics/trig.sty
Package: trig 1999/03/16 v1.09 sin cos tan (DPC)
)
(/usr/share/texlive/texmf-dist/tex/latex/latexconfig/graphics.cfg
File: graphics.cfg 2010/04/23 v1.9 graphics configuration of TeX Live
)
Package graphics Info: Driver file: pdftex.def on input line 94.

(/usr/share/texlive/texmf-dist/tex/latex/pdftex-def/pdftex.def
File: pdftex.def 2011/05/27 v0.06d Graphics/color for pdfTeX

(/usr/share/texlive/texmf-dist/tex/generic/oberdiek/infwarerr.sty
Package: infwarerr 2010/04/08 v1.3 Providing info/warning/error messages (HO)
)
(/usr/share/texlive/texmf-dist/tex/generic/oberdiek/ltxcmds.sty
Package: ltxcmds 2011/11/09 v1.22 LaTeX kernel commands for general use (HO)
)
\Gread@gobject=\count82
))
(/usr/share/texlive/texmf-dist/tex/latex/tools/xspace.sty
Package: xspace 2014/10/28 v1.13 Space after command names (DPC,MH)
) (./eushield.sty
Package: eushield 2006/08/28\ v1.1\ Commands for including the EU shield graphi
c
)
(/usr/share/texlive/texmf-dist/tex/latex/base/report.cls
Document Class: report 2014/09/29 v1.4h Standard LaTeX document class
(/usr/share/texlive/texmf-dist/tex/latex/base/size12.clo
File: size12.clo 2014/09/29 v1.4h Standard LaTeX file (size option)
)
\c@part=\count83
\c@chapter=\count84
\c@section=\count85
\c@subsection=\count86
\c@subsubsection=\count87
\c@paragraph=\count88
\c@subparagraph=\count89
\c@figure=\count90
\c@table=\count91
\abovecaptionskip=\skip41
\belowcaptionskip=\skip42
\bibindent=\dimen110
)
(/usr/share/texlive/texmf-dist/tex/latex/pslatex/pslatex.sty
Package: pslatex 1996/07/24 v1.2 pslatex emulation (DPC)
LaTeX Font Info:    Redeclaring symbol font `operators' on input line 65.
LaTeX Font Info:    Overwriting symbol font `operators' in version `normal'
(Font)                  OT1/cmr/m/n --> OT1/ptmcm/m/n on input line 65.
LaTeX Font Info:    Overwriting symbol font `operators' in version `bold'
(Font)                  OT1/cmr/bx/n --> OT1/ptmcm/m/n on input line 65.
LaTeX Font Info:    Redeclaring symbol font `letters' on input line 66.
LaTeX Font Info:    Overwriting symbol font `letters' in version `normal'
(Font)                  OML/cmm/m/it --> OML/ptmcm/m/it on input line 66.
LaTeX Font Info:    Overwriting symbol font `letters' in version `bold'
(Font)                  OML/cmm/b/it --> OML/ptmcm/m/it on input line 66.
LaTeX Font Info:    Redeclaring symbol font `symbols' on input line 67.
LaTeX Font Info:    Overwriting symbol font `symbols' in version `normal'
(Font)                  OMS/cmsy/m/n --> OMS/pzccm/m/n on input line 67.
LaTeX Font Info:    Overwriting symbol font `symbols' in version `bold'
(Font)                  OMS/cmsy/b/n --> OMS/pzccm/m/n on input line 67.
LaTeX Font Info:    Redeclaring symbol font `largesymbols' on input line 68.
LaTeX Font Info:    Overwriting symbol font `largesymbols' in version `normal'
(Font)                  OMX/cmex/m/n --> OMX/psycm/m/n on input line 68.
LaTeX Font Info:    Overwriting symbol font `largesymbols' in version `bold'
(Font)                  OMX/cmex/m/n --> OMX/psycm/m/n on input line 68.
\symbold=\mathgroup4
\symitalic=\mathgroup5
LaTeX Font Info:    Redeclaring math alphabet \mathbf on input line 74.
LaTeX Font Info:    Overwriting math alphabet `\mathbf' in version `normal'
(Font)                  OT1/cmr/bx/n --> OT1/ptm/bx/n on input line 74.
LaTeX Font Info:    Overwriting math alphabet `\mathbf' in version `bold'
(Font)                  OT1/cmr/bx/n --> OT1/ptm/bx/n on input line 74.
LaTeX Font Info:    Redeclaring math alphabet \mathit on input line 75.
LaTeX Font Info:    Overwriting math alphabet `\mathit' in version `normal'
(Font)                  OT1/cmr/m/it --> OT1/ptm/m/it on input line 75.
LaTeX Font Info:    Overwriting math alphabet `\mathit' in version `bold'
(Font)                  OT1/cmr/bx/it --> OT1/ptm/m/it on input line 75.
)
(/usr/share/texlive/texmf-dist/tex/latex/sectsty/sectsty.sty
Package: sectsty 2002/02/25 v2.0.2 Commands to change all sectional heading sty
les
)
(/usr/share/texlive/texmf-dist/tex/latex/caption/caption.sty
Package: caption 2013/05/02 v3.3-89 Customizing captions (AR)

(/usr/share/texlive/texmf-dist/tex/latex/caption/caption3.sty
Package: caption3 2013/05/02 v1.6-88 caption3 kernel (AR)
Package caption3 Info: TeX engine: e-TeX on input line 57.
\captionmargin=\dimen111
\captionmargin@=\dimen112
\captionwidth=\dimen113
\caption@tempdima=\dimen114
\caption@indent=\dimen115
\caption@parindent=\dimen116
\caption@hangindent=\dimen117
)
\c@ContinuedFloat=\count92
))
(/usr/share/texlive/texmf-dist/tex/latex/parskip/parskip.sty
Package: parskip 2001/04/09 non-zero parskip adjustments
)
(/usr/share/texlive/texmf-dist/tex/latex/pdfpages/pdfpages.sty
Package: pdfpages 2015/06/15 v0.4y Insert pages of external PDF documents (AM)

(/usr/share/texlive/texmf-dist/tex/latex/tools/calc.sty
Package: calc 2014/10/28 v4.3 Infix arithmetic (KKT,FJ)
\calc@Acount=\count93
\calc@Bcount=\count94
\calc@Adimen=\dimen118
\calc@Bdimen=\dimen119
\calc@Askip=\skip43
\calc@Bskip=\skip44
LaTeX Info: Redefining \setlength on input line 80.
LaTeX Info: Redefining \addtolength on input line 81.
\calc@Ccount=\count95
\calc@Cskip=\skip45
)
(/usr/share/texlive/texmf-dist/tex/latex/eso-pic/eso-pic.sty
Package: eso-pic 2015/04/20 v2.0e eso-pic (RN)

(/usr/share/texlive/texmf-dist/tex/generic/oberdiek/atbegshi.sty
Package: atbegshi 2011/10/05 v1.16 At begin shipout hook (HO)
)
(/usr/share/texlive/texmf-dist/tex/latex/xcolor/xcolor.sty
Package: xcolor 2007/01/21 v2.11 LaTeX color extensions (UK)

(/usr/share/texlive/texmf-dist/tex/latex/latexconfig/color.cfg
File: color.cfg 2007/01/18 v1.5 color configuration of teTeX/TeXLive
)
Package xcolor Info: Driver file: pdftex.def on input line 225.
Package xcolor Info: Model `cmy' substituted by `cmy0' on input line 1337.
Package xcolor Info: Model `hsb' substituted by `rgb' on input line 1341.
Package xcolor Info: Model `RGB' extended on input line 1353.
Package xcolor Info: Model `HTML' substituted by `rgb' on input line 1355.
Package xcolor Info: Model `Hsb' substituted by `hsb' on input line 1356.
Package xcolor Info: Model `tHsb' substituted by `hsb' on input line 1357.
Package xcolor Info: Model `HSB' substituted by `hsb' on input line 1358.
Package xcolor Info: Model `Gray' substituted by `gray' on input line 1359.
Package xcolor Info: Model `wave' substituted by `hsb' on input line 1360.
))
(/usr/share/texlive/texmf-dist/tex/latex/graphics/graphicx.sty
Package: graphicx 2014/10/28 v1.0g Enhanced LaTeX Graphics (DPC,SPQR)
\Gin@req@height=\dimen120
\Gin@req@width=\dimen121
)
\AM@pagewidth=\dimen122
\AM@pageheight=\dimen123

(/usr/share/texlive/texmf-dist/tex/latex/pdfpages/pppdftex.def
File: pppdftex.def 2015/06/15 v0.4y Pdfpages driver for pdfTeX (AM)
)
(/usr/share/texlive/texmf-dist/tex/latex/oberdiek/pdflscape.sty
Package: pdflscape 2008/08/11 v0.10 Display of landscape pages in PDF (HO)

(/usr/share/texlive/texmf-dist/tex/latex/graphics/lscape.sty
Package: lscape 2000/10/22 v3.01 Landscape Pages (DPC)
)
Package pdflscape Info: Auto-detected driver: pdftex on input line 80.
)
\AM@pagebox=\box26
\AM@toc@title=\toks16
\c@AM@survey=\count96
\AM@templatesizebox=\box27
)
(/usr/share/texlive/texmf-dist/tex/latex/float/float.sty
Package: float 2001/11/08 v1.3d Float enhancements (AL)
\c@float@type=\count97
\float@exts=\toks17
\float@box=\box28
\@float@everytoks=\toks18
\@floatcapt=\box29
)
(/usr/share/texlive/texmf-dist/tex/latex/caption/subcaption.sty
Package: subcaption 2013/02/03 v1.1-62 Sub-captions (AR)
\c@subfigure=\count98
\c@subtable=\count99
)
(/usr/share/texlive/texmf-dist/tex/latex/tabulary/tabulary.sty
Package: tabulary 2014/06/11 v0.10 tabulary package (DPC)

(/usr/share/texlive/texmf-dist/tex/latex/tools/array.sty
Package: array 2014/10/28 v2.4c Tabular extension package (FMi)
\col@sep=\dimen124
\extrarowheight=\dimen125
\NC@list=\toks19
\extratabsurround=\skip46
\backup@length=\skip47
)
\TY@count=\count100
\TY@linewidth=\dimen126
\tymin=\dimen127
\tymax=\dimen128
\TY@tablewidth=\dimen129
)
(/usr/share/texlive/texmf-dist/tex/latex/listings/listings.sty
\lst@mode=\count101
\lst@gtempboxa=\box30
\lst@token=\toks20
\lst@length=\count102
\lst@currlwidth=\dimen130
\lst@column=\count103
\lst@pos=\count104
\lst@lostspace=\dimen131
\lst@width=\dimen132
\lst@newlines=\count105
\lst@lineno=\count106
\lst@maxwidth=\dimen133

(/usr/share/texlive/texmf-dist/tex/latex/listings/lstmisc.sty
File: lstmisc.sty 2015/06/04 1.6 (Carsten Heinz)
\c@lstnumber=\count107
\lst@skipnumbers=\count108
\lst@framebox=\box31
)
(/usr/share/texlive/texmf-dist/tex/latex/listings/listings.cfg
File: listings.cfg 2015/06/04 1.6 listings configuration
))
Package: listings 2015/06/04 1.6 (Carsten Heinz)

(./honours_project_report.aux)
\openout1 = `honours_project_report.aux'.

LaTeX Font Info:    Checking defaults for OML/cmm/m/it on input line 15.
LaTeX Font Info:    ... okay on input line 15.
LaTeX Font Info:    Checking defaults for T1/cmr/m/n on input line 15.
LaTeX Font Info:    ... okay on input line 15.
LaTeX Font Info:    Checking defaults for OT1/cmr/m/n on input line 15.
LaTeX Font Info:    ... okay on input line 15.
LaTeX Font Info:    Checking defaults for OMS/pzccm/m/n on input line 15.
LaTeX Font Info:    Try loading font information for OMS+pzccm on input line 15
.

(/usr/share/texlive/texmf-dist/tex/latex/psnfss/omspzccm.fd
File: omspzccm.fd 2000/01/03 Fontinst v1.801 font definitions for OMS/pzccm.
)
LaTeX Font Info:    ... okay on input line 15.
LaTeX Font Info:    Checking defaults for OMX/cmex/m/n on input line 15.
LaTeX Font Info:    ... okay on input line 15.
LaTeX Font Info:    Checking defaults for U/cmr/m/n on input line 15.
LaTeX Font Info:    ... okay on input line 15.

*geometry* driver: auto-detecting
*geometry* detected driver: pdftex
*geometry* verbose mode - [ preamble ] result:
* driver: pdftex
* paper: a4paper
* layout: <same size as paper>
* layoutoffset:(h,v)=(0.0pt,0.0pt)
* modes: twoside 
* h-part:(L,W,R)=(113.81102pt, 412.56497pt, 71.13188pt)
* v-part:(T,H,B)=(56.9055pt, 674.33032pt, 113.81102pt)
* \paperwidth=597.50787pt
* \paperheight=845.04684pt
* \textwidth=412.56497pt
* \textheight=674.33032pt
* \oddsidemargin=41.54103pt
* \evensidemargin=-1.1381pt
* \topmargin=-52.36449pt
* \headheight=12.0pt
* \headsep=25.0pt
* \topskip=12.0pt
* \footskip=30.0pt
* \marginparwidth=85.0pt
* \marginparsep=10.0pt
* \columnsep=10.0pt
* \skip\footins=10.8pt plus 4.0pt minus 2.0pt
* \hoffset=0.0pt
* \voffset=0.0pt
* \mag=1000
* \@twocolumnfalse
* \@twosidetrue
* \@mparswitchtrue
* \@reversemarginfalse
* (1in=72.27pt=25.4mm, 1cm=28.453pt)

(/usr/share/texlive/texmf-dist/tex/context/base/supp-pdf.mkii
[Loading MPS to PDF converter (version 2006.09.02).]
\scratchcounter=\count109
\scratchdimen=\dimen134
\scratchbox=\box32
\nofMPsegments=\count110
\nofMParguments=\count111
\everyMPshowfont=\toks21
\MPscratchCnt=\count112
\MPscratchDim=\dimen135
\MPnumerator=\count113
\makeMPintoPDFobject=\count114
\everyMPtoPDFconversion=\toks22
) (/usr/share/texlive/texmf-dist/tex/generic/oberdiek/pdftexcmds.sty
Package: pdftexcmds 2011/11/29 v0.20 Utility functions of pdfTeX for LuaTeX (HO
)

(/usr/share/texlive/texmf-dist/tex/generic/oberdiek/ifluatex.sty
Package: ifluatex 2010/03/01 v1.3 Provides the ifluatex switch (HO)
Package ifluatex Info: LuaTeX not detected.
)
Package pdftexcmds Info: LuaTeX not detected.
Package pdftexcmds Info: \pdf@primitive is available.
Package pdftexcmds Info: \pdf@ifprimitive is available.
Package pdftexcmds Info: \pdfdraftmode found.
)
(/usr/share/texlive/texmf-dist/tex/latex/oberdiek/epstopdf-base.sty
Package: epstopdf-base 2010/02/09 v2.5 Base part for package epstopdf

(/usr/share/texlive/texmf-dist/tex/latex/oberdiek/grfext.sty
Package: grfext 2010/08/19 v1.1 Manage graphics extensions (HO)

(/usr/share/texlive/texmf-dist/tex/generic/oberdiek/kvdefinekeys.sty
Package: kvdefinekeys 2011/04/07 v1.3 Define keys (HO)
))
(/usr/share/texlive/texmf-dist/tex/latex/oberdiek/kvoptions.sty
Package: kvoptions 2011/06/30 v3.11 Key value format for package options (HO)

(/usr/share/texlive/texmf-dist/tex/generic/oberdiek/kvsetkeys.sty
Package: kvsetkeys 2012/04/25 v1.16 Key value parser (HO)

(/usr/share/texlive/texmf-dist/tex/generic/oberdiek/etexcmds.sty
Package: etexcmds 2011/02/16 v1.5 Avoid name clashes with e-TeX commands (HO)
Package etexcmds Info: Could not find \expanded.
(etexcmds)             That can mean that you are not using pdfTeX 1.50 or
(etexcmds)             that some package has redefined \expanded.
(etexcmds)             In the latter case, load this package earlier.
)))
Package grfext Info: Graphics extension search list:
(grfext)             [.png,.pdf,.jpg,.mps,.jpeg,.jbig2,.jb2,.PNG,.PDF,.JPG,.JPE
G,.JBIG2,.JB2,.eps]
(grfext)             \AppendGraphicsExtensions on input line 452.

(/usr/share/texlive/texmf-dist/tex/latex/latexconfig/epstopdf-sys.cfg
File: epstopdf-sys.cfg 2010/07/13 v1.3 Configuration of (r)epstopdf for TeX Liv
e
))
Package caption Info: Begin \AtBeginDocument code.
Package caption Info: float package is loaded.
Package caption Info: listings package is loaded.
Package caption Info: End \AtBeginDocument code.
\AtBeginShipoutBox=\box33
\c@lstlisting=\count115
LaTeX Font Info:    Font shape `OT1/ptm/bx/n' in size <20.74> not available
(Font)              Font shape `OT1/ptm/b/n' tried instead on input line 53.
LaTeX Font Info:    Font shape `OT1/phv/bx/n' in size <20.74> not available
(Font)              Font shape `OT1/phv/b/n' tried instead on input line 53.
LaTeX Font Info:    Font shape `OT1/phv/b/n' will be
(Font)              scaled to size 18.66588pt on input line 53.

[1

{/var/lib/texmf/fonts/map/pdftex/updmap/pdftex.map}] [2

]
LaTeX Font Info:    Font shape `OT1/phv/m/n' will be
(Font)              scaled to size 10.79993pt on input line 53.
LaTeX Font Info:    Font shape `OT1/phv/bx/n' in size <12> not available
(Font)              Font shape `OT1/phv/b/n' tried instead on input line 53.
LaTeX Font Info:    Font shape `OT1/phv/b/n' will be
(Font)              scaled to size 10.79993pt on input line 53.

Underfull \hbox (badness 10000) in paragraph at lines 53--53

 []


Underfull \hbox (badness 10000) in paragraph at lines 53--53

 []

LaTeX Font Info:    Font shape `OT1/phv/m/it' in size <12> not available
(Font)              Font shape `OT1/phv/m/sl' tried instead on input line 53.
LaTeX Font Info:    Font shape `OT1/phv/m/sl' will be
(Font)              scaled to size 10.79993pt on input line 53.
[3]
LaTeX Font Info:    Font shape `OT1/ptm/bx/n' in size <17.28> not available
(Font)              Font shape `OT1/ptm/b/n' tried instead on input line 56.
LaTeX Font Info:    Font shape `OT1/phv/bx/n' in size <17.28> not available
(Font)              Font shape `OT1/phv/b/n' tried instead on input line 56.
LaTeX Font Info:    Font shape `OT1/phv/b/n' will be
(Font)              scaled to size 15.55188pt on input line 56.
 [4]
LaTeX Font Info:    Font shape `OT1/ptm/bx/n' in size <24.88> not available
(Font)              Font shape `OT1/ptm/b/n' tried instead on input line 61.
LaTeX Font Info:    Font shape `OT1/phv/bx/n' in size <24.88> not available
(Font)              Font shape `OT1/phv/b/n' tried instead on input line 61.
LaTeX Font Info:    Font shape `OT1/phv/b/n' will be
(Font)              scaled to size 22.39185pt on input line 61.
 (./honours_project_report.toc
LaTeX Font Info:    Font shape `OT1/ptm/bx/n' in size <12> not available
(Font)              Font shape `OT1/ptm/b/n' tried instead on input line 1.
LaTeX Font Info:    Try loading font information for OT1+ptmcm on input line 3.


(/usr/share/texlive/texmf-dist/tex/latex/psnfss/ot1ptmcm.fd
File: ot1ptmcm.fd 2000/01/03 Fontinst v1.801 font definitions for OT1/ptmcm.
)
LaTeX Font Info:    Try loading font information for OML+ptmcm on input line 3.


(/usr/share/texlive/texmf-dist/tex/latex/psnfss/omlptmcm.fd
File: omlptmcm.fd 2000/01/03 Fontinst v1.801 font definitions for OML/ptmcm.
)
LaTeX Font Info:    Try loading font information for OMX+psycm on input line 3.


(/usr/share/texlive/texmf-dist/tex/latex/psnfss/omxpsycm.fd
File: omxpsycm.fd 2000/01/03 Fontinst v1.801 font definitions for OMX/psycm.
)
LaTeX Font Info:    Font shape `OT1/ptm/bx/n' in size <9> not available
(Font)              Font shape `OT1/ptm/b/n' tried instead on input line 3.
LaTeX Font Info:    Font shape `OT1/ptm/bx/n' in size <7> not available
(Font)              Font shape `OT1/ptm/b/n' tried instead on input line 3.
 [5

])
\tf@toc=\write3
\openout3 = `honours_project_report.toc'.

 [6]
Chapter 1.

Underfull \hbox (badness 10000) in paragraph at lines 68--69

 []


Underfull \hbox (badness 10000) in paragraph at lines 70--79

 []


Overfull \hbox (2.932pt too wide) in paragraph at lines 81--82
\OT1/ptm/m/n/12 dard). Also known as 'Cryp-toki' (cryp-to-graphic to-ken in-ter
-face, pro-nounced as 'crypto-
 []


Underfull \hbox (badness 10000) in paragraph at lines 81--82

 []

[7

] [8]
Chapter 2.
LaTeX Font Info:    Font shape `OT1/ptm/bx/n' in size <14.4> not available
(Font)              Font shape `OT1/ptm/b/n' tried instead on input line 106.
LaTeX Font Info:    Font shape `OT1/phv/bx/n' in size <14.4> not available
(Font)              Font shape `OT1/phv/b/n' tried instead on input line 106.
LaTeX Font Info:    Font shape `OT1/phv/b/n' will be
(Font)              scaled to size 12.9599pt on input line 106.
[9

] [10

]
Chapter 3.

Underfull \vbox (badness 10000) has occurred while \output is active []

 [11]
Overfull \hbox (9.26312pt too wide) in paragraph at lines 158--158
[]\OT1/phv/b/n/14.4 Cryptographic Based - Mes-sage Au-then-ti-ca-tion Codes (CM
AC) 
 []

[12]
Chapter 4.
LaTeX Font Info:    Font shape `OT1/ptm/bx/n' in size <10> not available
(Font)              Font shape `OT1/ptm/b/n' tried instead on input line 180.
[13

] [14

]
Chapter 5.
[15] [16

]
Chapter 6.

Overfull \hbox (52.5535pt too wide) in paragraph at lines 356--356
[]\OT1/pcr/m/n/12 00000000: 00 A4 04 00 0C A0 00 00  01 64 4C 41 53 45 52 00  .
........dLASER.[] 
 []


Overfull \hbox (21.9536pt too wide) in paragraph at lines 356--356
[]\OT1/pcr/m/n/12 00000000: 80 A4 08 00 06 3F 00 30  00 EE EE                 .
....?.0...[] 
 []


Overfull \hbox (52.5535pt too wide) in paragraph at lines 356--356
[]\OT1/pcr/m/n/12 00000000: 02 C0 07 00 00 0A 00 0F  00 01 02 C2 0A 00 04 10  .
...............[] 
 []


Overfull \hbox (52.5535pt too wide) in paragraph at lines 356--356
[]\OT1/pcr/m/n/12 00000010: 00 00 00 00 00 00 00 02  C3 0A 00 04 10 00 00 00  .
...............[] 
 []


Overfull \hbox (52.5535pt too wide) in paragraph at lines 356--356
[]\OT1/pcr/m/n/12 00000020: 00 00 00 00 02 C1 01 00  02 C5 04 00 00 00 00 02  .
...............[] 
 []


Overfull \hbox (52.5535pt too wide) in paragraph at lines 356--356
[]\OT1/pcr/m/n/12 00000030: C6 04 00 00 00 00 02 C8  01 00 02 C9 01 33 02 CA  .
............3..[] 
 []


Overfull \hbox (52.5535pt too wide) in paragraph at lines 356--356
[]\OT1/pcr/m/n/12 00000040: 04 00 03 46 DC 02 CB 01  01 02 CC 01 00 02 CD 01  .
..F............[] 
 []


Overfull \hbox (52.5535pt too wide) in paragraph at lines 356--356
[]\OT1/pcr/m/n/12 00000050: 00 02 CF 01 00 02 D1 02  FF FF 02 D2 02 FF FF 02  .
...............[] 
 []

[17]
Overfull \hbox (52.5535pt too wide) in paragraph at lines 356--356
[]\OT1/pcr/m/n/12 00000060: D3 3F 00 00 00 00 00 00  00 00 00 00 00 00 00 00  .
?..............[] 
 []


Overfull \hbox (52.5535pt too wide) in paragraph at lines 356--356
[]\OT1/pcr/m/n/12 00000070: 00 00 00 00 00 00 00 00  00 00 00 00 00 00 00 00  .
...............[] 
 []


Overfull \hbox (52.5535pt too wide) in paragraph at lines 356--356
[]\OT1/pcr/m/n/12 00000080: 00 00 00 00 00 00 00 00  00 00 00 00 00 00 00 00  .
...............[] 
 []


Overfull \hbox (52.5535pt too wide) in paragraph at lines 356--356
[]\OT1/pcr/m/n/12 00000090: 00 00 00 00 00 00 00 00  00 00 00 00 00 00 00 00  .
...............[] 
 []


Overfull \hbox (46.43352pt too wide) in paragraph at lines 356--356
[]\OT1/pcr/m/n/12 000000A0: 00 02 D5 01 00 02 D6 01  01 02 D7 01 00 90 00     .
..............[] 
 []


Overfull \hbox (21.9536pt too wide) in paragraph at lines 356--356
[]\OT1/pcr/m/n/12 00000000: 80 A4 08 00 06 3F 00 30  00 C0 00                 .
....?.0...[] 
 []


Overfull \hbox (9.71364pt too wide) in paragraph at lines 356--356
[]\OT1/pcr/m/n/12 00000000: 49 44 50 72 6F 74 65 63  74 20 20 20 20 20 20 20  I
DProtect[] 
 []


Overfull \hbox (52.5535pt too wide) in paragraph at lines 356--356
[]\OT1/pcr/m/n/12 00000020: 41 74 68 65 6E 61 20 53  6D 61 72 74 63 61 72 64  A
thena Smartcard[] 
 []


Overfull \hbox (15.83362pt too wide) in paragraph at lines 356--356
[]\OT1/pcr/m/n/12 00000030: 20 53 6F 6C 75 74 69 6F  6E 73 20 20 20 20 20 20   
Solutions[] 
 []


Overfull \hbox (9.71364pt too wide) in paragraph at lines 356--356
[]\OT1/pcr/m/n/12 00000040: 49 44 50 72 6F 74 65 63  74 20 20 20 20 20 20 20  I
DProtect[] 
 []


Overfull \hbox (52.5535pt too wide) in paragraph at lines 356--356
[]\OT1/pcr/m/n/12 00000050: 30 44 35 30 30 30 30 39  32 31 32 32 38 37 39 36  0
D50000921228796[] 
 []


Overfull \hbox (52.5535pt too wide) in paragraph at lines 356--356
[]\OT1/pcr/m/n/12 00000060: 0D 04 00 00 00 00 00 00  00 00 00 00 00 00 00 00  .
...............[] 
 []


Overfull \hbox (52.5535pt too wide) in paragraph at lines 356--356
[]\OT1/pcr/m/n/12 00000070: 00 00 00 00 10 00 00 00  04 00 00 00 FF FF FF FF  .
...............[] 
 []


Overfull \hbox (52.5535pt too wide) in paragraph at lines 356--356
[]\OT1/pcr/m/n/12 00000080: 00 00 00 00 FF FF FF FF  00 00 00 00 01 00 01 00  .
...............[] 
 []


Overfull \hbox (52.5535pt too wide) in paragraph at lines 356--356
[]\OT1/pcr/m/n/12 00000090: 00 00 00 00 00 00 00 00  00 00 00 00 00 00 00 00  .
...............[] 
 []


Overfull \hbox (21.9536pt too wide) in paragraph at lines 356--356
[]\OT1/pcr/m/n/12 00000000: 80 A4 08 00 06 3F 00 30  00 30 04                 .
....?.0.0.[] 
 []


Overfull \hbox (34.19356pt too wide) in paragraph at lines 356--356
[]\OT1/pcr/m/n/12 00000000: 80 A4 08 00 08 3F 00 30  00 30 01 D0 7E           .
....?.0.0..~[] 
 []


Overfull \hbox (34.19356pt too wide) in paragraph at lines 356--356
[]\OT1/pcr/m/n/12 00000000: 80 A4 08 00 08 3F 00 30  00 30 03 40 00           .
....?.0.0.@.[] 
 []


Underfull \vbox (badness 10000) has occurred while \output is active []

 [18]
Overfull \hbox (52.5535pt too wide) in paragraph at lines 356--356
[]\OT1/pcr/m/n/12 00000000: 41 54 48 45 4E 41 53 4E  C0 AD AA 78 FC 88 42 0D  A
THENASN...x..B.[] 
 []


Overfull \hbox (15.83362pt too wide) in paragraph at lines 356--356
[]\OT1/pcr/m/n/12 00000000: 80 A4 08 0C 04 3F 00 00  20 00                    .
....?.. .[] 
 []


Overfull \hbox (52.5535pt too wide) in paragraph at lines 356--356
[]\OT1/pcr/m/n/12 00000000: 62 2F 87 01 08 83 02 00  20 80 02 00 10 8A 01 04  b
/...... .......[] 
 []


Overfull \hbox (52.5535pt too wide) in paragraph at lines 356--356
[]\OT1/pcr/m/n/12 00000010: 86 0E 00 FF C0 30 00 FF  00 10 00 FF 00 10 00 00  .
....0..........[] 
 []


Overfull \hbox (52.5535pt too wide) in paragraph at lines 356--356
[]\OT1/pcr/m/n/12 00000020: 85 0F 00 01 00 00 AA 00  04 10 00 00 00 00 00 FF  .
...............[] 
 []


Overfull \hbox (3.59366pt too wide) in paragraph at lines 356--356
[]\OT1/pcr/m/n/12 00000000: 80 A4 08 00 04 3F 00 00  20                       .
....?..[] 
 []


Overfull \hbox (15.83362pt too wide) in paragraph at lines 356--356
[]\OT1/pcr/m/n/12 00000000: 11 B7 B2 80 4B 17 0D A4  90 00                    .
...K.....[] 
 []


Overfull \hbox (52.5535pt too wide) in paragraph at lines 356--356
[]\OT1/pcr/m/n/12 00000000: 80 20 00 00 10 1D ED 9E  47 A8 C9 EA CE 37 82 2C  .
 ......G....7.,[] 
 []


Overfull \hbox (34.19356pt too wide) in paragraph at lines 356--356
[]\OT1/pcr/m/n/12 00000000: 80 A4 08 00 08 3F 00 30  00 30 03 40 01           .
....?.0.0.@.[] 
 []


Underfull \vbox (badness 10000) has occurred while \output is active []

 [19]
Overfull \hbox (34.19356pt too wide) in paragraph at lines 356--356
[]\OT1/pcr/m/n/12 00000000: 80 A4 08 00 08 3F 00 30  00 30 02 D0 7E           .
....?.0.0..~[] 
 []


Overfull \hbox (34.19356pt too wide) in paragraph at lines 356--356
[]\OT1/pcr/m/n/12 00000000: 80 A4 08 00 08 3F 00 30  00 30 01 D0 7E           .
....?.0.0..~[] 
 []


Overfull \hbox (21.9536pt too wide) in paragraph at lines 356--356
[]\OT1/pcr/m/n/12 00000000: 80 A4 08 00 06 3F 00 30  00 EE EF                 .
....?.0...[] 
 []


Overfull \hbox (52.5535pt too wide) in paragraph at lines 356--356
[]\OT1/pcr/m/n/12 00000000: 02 C4 01 00 02 C7 08 32  30 31 37 30 32 32 32 90  .
......20170222.[] 
 []


Overfull \hbox (3.59366pt too wide) in paragraph at lines 356--356
[]\OT1/pcr/m/n/12 00000000: 80 28 00 00 04 00 00 00  20                       .
(......[] 
 []

[20] [21] [22]
Chapter 7.
LaTeX Font Info:    Font shape `OMS/ptm/m/n' in size <12> not available
(Font)              Font shape `OMS/pzccm/m/n' tried instead on input line 398.


Underfull \hbox (badness 10000) in paragraph at lines 399--400

 []


<images/section_7/7.1/authencation_method.png, id=80, 573.14125pt x 343.2825pt>
File: images/section_7/7.1/authencation_method.png Graphic file (type png)
<use images/section_7/7.1/authencation_method.png>
Package pdftex.def Info: images/section_7/7.1/authencation_method.png used on i
nput line 407.
(pdftex.def)             Requested size: 412.56497pt x 247.11081pt.

Underfull \vbox (badness 10000) has occurred while \output is active []

 [23

]
Underfull \hbox (badness 10000) in paragraph at lines 415--416

 []


Underfull \hbox (badness 10000) in paragraph at lines 417--418

 []


Underfull \vbox (badness 10000) has occurred while \output is active []

 [24 <./images/section_7/7.1/authencation_method.png>] [25]
Underfull \hbox (badness 10000) in paragraph at lines 486--487

 []


Underfull \hbox (badness 10000) in paragraph at lines 514--515

 []


Underfull \hbox (badness 10000) in paragraph at lines 519--520

 []


Underfull \hbox (badness 10000) in paragraph at lines 523--525

 []

[26]
Underfull \hbox (badness 10000) in paragraph at lines 526--527

 []


Underfull \hbox (badness 10000) in paragraph at lines 542--543

 []


Underfull \hbox (badness 10000) in paragraph at lines 546--548

 []


Underfull \hbox (badness 10000) in paragraph at lines 549--550

 []

[27]
Underfull \hbox (badness 10000) in paragraph at lines 558--559

 []


Underfull \hbox (badness 10000) in paragraph at lines 577--578

 []


Underfull \vbox (badness 1668) has occurred while \output is active []

 [28]
Underfull \hbox (badness 10000) in paragraph at lines 603--604

 []


Overfull \hbox (29.30638pt too wide) in paragraph at lines 613--613
[]\OT1/phv/b/n/17.28 Altering File Con-trol Pa-ram-e-ters for Lo-gin Retry Coun
er 
 []


Overfull \hbox (64.79346pt too wide) in paragraph at lines 632--632
[]\OT1/pcr/m/n/12 (CKA\_CLASS, LowLevel.CKO\_SECRET\_KEY), [private, public, da
ta, cert (X.509)][] 
 []


Overfull \hbox (21.9536pt too wide) in paragraph at lines 632--632
[]\OT1/pcr/m/n/12 (CKA\_EXTRACTABLE, False)) [is allowed to be extracted from t
he device][] 
 []

[29] [30]
Chapter 8.
[31

] [32

]
Missing character: There is no â in font ptmr7t!
Missing character: There is no € in font ptmr7t!
Missing character: There is no “ in font ptmr7t!

Overfull \hbox (29.70047pt too wide) in paragraph at lines 691--694
\OT1/pcr/m/n/12 https://frankmorgner.github.io/vsmartcard/virtualsmartcard/READ
ME.html 
 []


Underfull \hbox (badness 10000) in paragraph at lines 691--694

 []

[33] (./honours_project_report.aux) ) 
Here is how much of TeX's memory you used:
 6273 strings out of 493085
 94318 string characters out of 6136916
 174740 words of memory out of 5000000
 9630 multiletter control sequences out of 15000+600000
 45639 words of font info for 86 fonts, out of 8000000 for 9000
 1141 hyphenation exceptions out of 8191
 43i,12n,40p,1221b,374s stack positions out of 5000i,500n,10000p,200000b,80000s
{/usr/share/texlive/texmf-dist/fonts/enc/d
vips/base/8r.enc}</usr/share/texlive/texmf-dist/fonts/type1/public/amsfonts/cm/
cmmi10.pfb></usr/share/texlive/texmf-dist/fonts/type1/public/amsfonts/cm/cmr10.
pfb></usr/share/texlive/texmf-dist/fonts/type1/public/amsfonts/cm/cmsy10.pfb></
usr/share/texlive/texmf-dist/fonts/type1/urw/courier/ucrr8a.pfb></usr/share/tex
live/texmf-dist/fonts/type1/urw/helvetic/uhvb8a.pfb></usr/share/texlive/texmf-d
ist/fonts/type1/urw/helvetic/uhvr8a.pfb></usr/share/texlive/texmf-dist/fonts/ty
pe1/urw/helvetic/uhvro8a.pfb></usr/share/texlive/texmf-dist/fonts/type1/urw/tim
es/utmb8a.pfb></usr/share/texlive/texmf-dist/fonts/type1/urw/times/utmr8a.pfb><
/usr/share/texlive/texmf-dist/fonts/type1/urw/times/utmri8a.pfb>
Output written on honours_project_report.pdf (33 pages, 161090 bytes).
PDF statistics:
 155 PDF objects out of 1000 (max. 8388607)
 106 compressed objects within 2 object streams
 0 named destinations out of 1000 (max. 500000)
 6 words of extra memory for PDF output out of 10000 (max. 10000000)

